Creating database: Localhost
Save repository element : Localhost : Creation of initial version
Creating database: Poland
Save repository element : Poland : Creation of initial version
Creating database: Georgia
Save repository element : Georgia : Creation of initial version
Save repository element : Indonesia : Creation of initial version
Save database : Modification by user
Save repository element : Indonesia : Modification by user
Save database : Modification by user
Save repository element : Indonesia : Modification by user
Save database : Modification by user
Save repository element : Georgia : Modification by user
Save database : Modification by user
Save repository element : Poland : Modification by user
Save database : Modification by user
Save repository element : Indonesia : Modification by user
Save database : Modification by user
Save repository element : Indonesia : Modification by user
Save database : Modification by user
Save repository element : Indonesia : Modification by user
Save database : Modification by user
Save repository element : Indonesia : Modification by user
Save database : Modification by user
Save repository element : Indonesia : Modification by user
Save database : Modification by user
Save repository element : Poland : Modification by user
Save database : Modification by user
Save repository element : Georgia : Modification by user
Save database : Modification by user
Save repository element : Localhost : Modification by user
Save repository element : carte : Creation of initial version
Save repository element :  : Creation of initial version
Save repository element :  : Creation of initial version
Save repository element :  : Creation of initial version
Save repository element : DoFinance : Creation of initial version
Save database : Modification by user
Save repository element : DoFinance : Modification by user
Save database : Modification by user
Save repository element : Georgia : Modification by user
Save database : Modification by user
Save repository element : Poland : Modification by user
Save database : Modification by user
Save repository element : Poland : Modification by user
Save database : Modification by user
Save repository element : Poland : Modification by user
Save database : Modification by user
Save repository element : Poland : Modification by user
Save database : Modification by user
Save repository element : Poland : Modification by user
Save database : Modification by user
Save repository element : Indonesia : Modification by user
Save database : Modification by user
Save repository element : Indonesia : Modification by user
Save repository element : Poland 3CX : Creation of initial version
Save database : Modification by user
Save repository element : Poland 3CX : Modification by user
Save repository element : PL_Slave_Finotech : Creation of initial version
Save repository element : AlfaPostgres : Creation of initial version
Save repository element : AlfaPostgres_kreditcepat : Creation of initial version
Save repository element : Pentaho Carte : Creation of initial version
Save database : Modification by user
Save repository element : Indonesia : Modification by user
Save repository element : Opoqa : Creation of initial version
Save repository element : Opoqa 2 : Creation of initial version
Save repository element : PL Tani Preprod : Creation of initial version
Save database : Modification by user
Save repository element : Opoqa : Modification by user
Save database : Modification by user
Save repository element : Opoqa 2 : Modification by user
Save database : Modification by user
Save repository element : Opoqa : Modification by user
Save database : Modification by user
Save repository element : Opoqa : Modification by user
Save repository element : Alfa Postgres DoF : Creation of initial version
Save database : Modification by user
Save repository element : AlfaPostgres : Modification by user
Save database : Modification by user
Save repository element : AlfaPostgres : Modification by user
Save database : Modification by user
Save repository element : AlfaPostgres : Modification by user
Save database : Modification by user
Save repository element : AlfaPostgres : Modification by user
Save database : Modification by user
Save repository element : AlfaPostgres : Modification by user
Save database : Modification by user
Save repository element : AlfaPostgres Opoqa : Modification by user
Save database : Modification by user
Save repository element : Alfa Postgres DoF : Modification by user
Save database : Modification by user
Save repository element : AlfaPostgres Tanikredyt : Modification by user
Save database : Modification by user
Save repository element : AlfaPostgres DoFinance : Modification by user
Save database : Modification by user
Save repository element : AlfaPostgres DoFinance : Modification by user
Save database : Modification by user
Save repository element : AlfaPostgres pentaho_log : Modification by user
Save database : Modification by user
Save repository element : AlfaPostgres DoFinance : Modification by user
