Creating database: Localhost
Save repository element : Localhost : Creation of initial version
Creating database: Poland
Save repository element : Poland : Creation of initial version
Creating database: Georgia
Save repository element : Georgia : Creation of initial version
Save repository element : Indonesia : Creation of initial version
Save database : Modification by user
Save repository element : Indonesia : Modification by user
Save database : Modification by user
Save repository element : Indonesia : Modification by user
Save database : Modification by user
Save repository element : Georgia : Modification by user
Save database : Modification by user
Save repository element : Poland : Modification by user
Save database : Modification by user
Save repository element : Indonesia : Modification by user
Save database : Modification by user
Save repository element : Indonesia : Modification by user
Save database : Modification by user
Save repository element : Indonesia : Modification by user
Save database : Modification by user
Save repository element : Indonesia : Modification by user
Save database : Modification by user
Save repository element : Indonesia : Modification by user
Save database : Modification by user
Save repository element : Poland : Modification by user
Save database : Modification by user
Save repository element : Georgia : Modification by user
Save database : Modification by user
Save repository element : Localhost : Modification by user
Save repository element : carte : Creation of initial version
Save repository element :  : Creation of initial version
Save repository element :  : Creation of initial version
Save repository element :  : Creation of initial version
Save repository element : DoFinance : Creation of initial version
Save database : Modification by user
Save repository element : DoFinance : Modification by user
Save database : Modification by user
Save repository element : Georgia : Modification by user
Save database : Modification by user
Save repository element : Poland : Modification by user
Save database : Modification by user
Save repository element : Poland : Modification by user
Save database : Modification by user
Save repository element : Poland : Modification by user
Save database : Modification by user
Save repository element : Poland : Modification by user
Save database : Modification by user
Save repository element : Poland : Modification by user
Save database : Modification by user
Save repository element : Indonesia : Modification by user
Save database : Modification by user
Save repository element : Indonesia : Modification by user
Save repository element : Poland 3CX : Creation of initial version
Save database : Modification by user
Save repository element : Poland 3CX : Modification by user
Save repository element : PL_Slave_Finotech : Creation of initial version
